<?xml version="1.0" encoding="UTF-8"?>
<!-- Generated by org.testng.reporters.JUnitReportReporter -->
<testsuite hostname="Subramanyam" failures="0" tests="2" name="com.subbu.retry.tests.TestCase3" time="0.015" errors="0" timestamp="2022-04-17T09:47:13 IST" skipped="0">
  <testcase classname="com.subbu.retry.tests.TestCase3" name="testCase3" time="0.002"/>
  <system-out/>
  <testcase classname="com.subbu.retry.tests.TestCase3" name="testCase3" time="0.013"/>
  <system-out/>
</testsuite> <!-- com.subbu.retry.tests.TestCase3 -->
